<?xml version="1.0" encoding="UTF-8"?>
<testng-results ignored="0" total="1" passed="1" failed="0" skipped="0">
  <reporter-output>
  </reporter-output>
  <suite started-at="2023-11-15T16:58:25 IST" name="Default suite" finished-at="2023-11-15T16:58:27 IST" duration-ms="2114">
    <groups>
    </groups>
    <test started-at="2023-11-15T16:58:25 IST" name="Default test" finished-at="2023-11-15T16:58:27 IST" duration-ms="2114">
      <class name="com.sportyshoe.restAssuredScripts.DeleteShoe">
        <test-method signature="delete_product()[pri:49, instance:com.sportyshoe.restAssuredScripts.DeleteShoe@19932c16]" started-at="2023-11-15T16:58:25 IST" name="delete_product" finished-at="2023-11-15T16:58:27 IST" duration-ms="2044" status="PASS">
          <reporter-output>
          </reporter-output>
        </test-method> <!-- delete_product -->
      </class> <!-- com.sportyshoe.restAssuredScripts.DeleteShoe -->
    </test> <!-- Default test -->
  </suite> <!-- Default suite -->
</testng-results>
